<?xml version="1.0" encoding="UTF-8"?>
<testng-results skipped="0" failed="0" ignored="0" total="1" passed="1">
  <reporter-output>
  </reporter-output>
  <suite name="Default suite" duration-ms="11994" started-at="2020-01-01T17:15:49 IST" finished-at="2020-01-01T17:16:01 IST">
    <groups>
    </groups>
    <test name="Default test" duration-ms="11994" started-at="2020-01-01T17:15:49 IST" finished-at="2020-01-01T17:16:01 IST">
      <class name="testcases.Tc001">
        <test-method status="PASS" signature="setDate()[pri:0, instance:testcases.Tc001@67205a84]" name="setDate" is-config="true" duration-ms="18" started-at="2020-01-01T17:15:49 IST" finished-at="2020-01-01T17:15:49 IST">
          <reporter-output>
          </reporter-output>
        </test-method> <!-- setDate -->
        <test-method status="PASS" signature="login()[pri:0, instance:testcases.Tc001@67205a84]" name="login" is-config="true" duration-ms="8959" started-at="2020-01-01T17:15:50 IST" finished-at="2020-01-01T17:15:59 IST">
          <reporter-output>
          </reporter-output>
        </test-method> <!-- login -->
        <test-method status="PASS" signature="loginlogout(java.lang.String, java.lang.String)[pri:0, instance:testcases.Tc001@67205a84]" name="loginlogout" duration-ms="1876" started-at="2020-01-01T17:15:59 IST" data-provider="getdata" finished-at="2020-01-01T17:16:01 IST">
          <params>
            <param index="0">
              <value>
                <![CDATA[DemoSalesManager]]>
              </value>
            </param>
            <param index="1">
              <value>
                <![CDATA[crmsfa]]>
              </value>
            </param>
          </params>
          <reporter-output>
          </reporter-output>
        </test-method> <!-- loginlogout -->
        <test-method status="PASS" signature="logout()[pri:0, instance:testcases.Tc001@67205a84]" name="logout" is-config="true" duration-ms="516" started-at="2020-01-01T17:16:01 IST" finished-at="2020-01-01T17:16:01 IST">
          <reporter-output>
          </reporter-output>
        </test-method> <!-- logout -->
      </class> <!-- testcases.Tc001 -->
    </test> <!-- Default test -->
  </suite> <!-- Default suite -->
</testng-results>
